6828 decimal is XXX octal!
Physical memory: 66556K available, base = 640K, extended = 65532K
check_kern_pgdir() succeeded!
check_page_installed_pgdir() succeeded!
SMP: CPU 0 found 2 CPU(s)
enabled interrupts: 1 2
SMP: CPU 1 starting
[00000000] new env 00001000
[00000000] new env 00001001
[00000000] new env 00001002
[00000000] new env 00001003
[00000000] new env 00001004
[00000000] new env 00001005
[00000000] new env 00001006
[00000000] new env 00001007
start test
[00000000] new env 00001008
[00001008] new env 00001009
CPU 0: 2 [00001009] new env 0000100a
CPU 1: 3 [0000100a] new env 0000100b
CPU 1: 5 [0000100b] new env 0000100c
CPU 1: 7 [0000100c] new env 0000100d
CPU 1: 11 [0000100d] new env 0000100e
CPU 1: 13 [0000100e] new env 0000100f
CPU 0: 17 [0000100f] new env 00001010
CPU 1: 19 [00001010] new env 00001011
CPU 1: 23 [00001011] new env 00001012
CPU 0: 29 [00001012] new env 00001013
CPU 0: 31 [00001013] new env 00001014
CPU 0: 37 [00001014] new env 00001015
CPU 1: 41 [00001015] new env 00001016
CPU 0: 43 [00001016] new env 00001017
CPU 1: 47 [00001017] new env 00001018
CPU 1: 53 [00001018] new env 00001019
CPU 1: 59 [00001019] new env 0000101a
CPU 0: 61 [0000101a] new env 0000101b
CPU 1: 67 [0000101b] new env 0000101c
CPU 1: 71 [0000101c] new env 0000101d
CPU 0: 73 [0000101d] new env 0000101e
CPU 0: 79 [0000101e] new env 0000101f
CPU 1: 83 [0000101f] new env 00001020
CPU 0: 89 [00001020] new env 00001021
CPU 1: 97 [00001021] new env 00001022
CPU 0: 101 [00001022] new env 00001023
CPU 1: 103 [00001023] new env 00001024
CPU 1: 107 [00001024] new env 00001025
CPU 1: 109 [00001025] new env 00001026
CPU 1: 113 [00001026] new env 00001027
CPU 0: 127 [00001027] new env 00001028
CPU 0: 131 [00001028] new env 00001029
CPU 0: 137 [00001029] new env 0000102a
CPU 1: 139 [0000102a] new env 0000102b
CPU 1: 149 [0000102b] new env 0000102c
CPU 0: 151 [0000102c] new env 0000102d
CPU 0: 157 [0000102d] new env 0000102e
CPU 0: 163 [0000102e] new env 0000102f
CPU 1: 167 [0000102f] new env 00001030
CPU 0: 173 [00001030] new env 00001031
CPU 0: 179 [00001031] new env 00001032
CPU 0: 181 [00001032] new env 00001033
CPU 1: 191 [00001033] new env 00001034
CPU 1: 193 [00001034] new env 00001035
CPU 1: 197 [00001035] new env 00001036
CPU 1: 199 [00001036] new env 00001037
CPU 0: 211 [00001037] new env 00001038
CPU 1: 223 [00001038] new env 00001039
CPU 1: 227 [00001039] new env 0000103a
CPU 1: 229 [0000103a] new env 0000103b
CPU 0: 233 [0000103b] new env 0000103c
CPU 1: 239 [0000103c] new env 0000103d
CPU 0: 241 [0000103d] new env 0000103e
CPU 1: 251 [0000103e] new env 0000103f
CPU 0: 257 [0000103f] new env 00001040
CPU 1: 263 [00001040] new env 00001041
CPU 1: 269 [00001041] new env 00001042
CPU 0: 271 [00001042] new env 00001043
CPU 1: 277 [00001043] new env 00001044
CPU 0: 281 [00001044] new env 00001045
CPU 1: 283 [00001045] new env 00001046
CPU 1: 293 [00001046] new env 00001047
CPU 0: 307 [00001047] new env 00001048
CPU 1: 311 [00001048] new env 00001049
CPU 0: 313 [00001049] new env 0000104a
CPU 0: 317 [0000104a] new env 0000104b
CPU 1: 331 [0000104b] new env 0000104c
CPU 0: 337 [0000104c] new env 0000104d
CPU 1: 347 [0000104d] new env 0000104e
CPU 0: 349 [0000104e] new env 0000104f
CPU 0: 353 [0000104f] new env 00001050
CPU 0: 359 [00001050] new env 00001051
CPU 0: 367 [00001051] new env 00001052
CPU 0: 373 [00001052] new env 00001053
CPU 1: 379 [00001053] new env 00001054
CPU 1: 383 [00001054] new env 00001055
CPU 0: 389 [00001055] new env 00001056
CPU 1: 397 [00001056] new env 00001057
CPU 0: 401 [00001057] new env 00001058
CPU 0: 409 [00001058] new env 00001059
CPU 1: 419 [00001059] new env 0000105a
CPU 1: 421 [0000105a] new env 0000105b
CPU 0: 431 [0000105b] new env 0000105c
CPU 1: 433 [0000105c] new env 0000105d
CPU 0: 439 [0000105d] new env 0000105e
CPU 1: 443 [0000105e] new env 0000105f
CPU 1: 449 [0000105f] new env 00001060
CPU 0: 457 [00001060] new env 00001061
CPU 0: 461 [00001061] new env 00001062
CPU 1: 463 [00001062] new env 00001063
CPU 1: 467 [00001063] new env 00001064
CPU 1: 479 [00001064] new env 00001065
CPU 0: 487 [00001065] new env 00001066
CPU 1: 491 [00001066] new env 00001067
CPU 0: 499 [00001067] new env 00001068
CPU 1: 503 [00001068] new env 00001069
CPU 1: 509 [00001069] new env 0000106a
CPU 1: 521 [0000106a] new env 0000106b
CPU 0: 523 [0000106b] new env 0000106c
CPU 0: 541 [0000106c] new env 0000106d
CPU 1: 547 [0000106d] new env 0000106e
CPU 0: 557 [0000106e] new env 0000106f
CPU 1: 563 [0000106f] new env 00001070
CPU 0: 569 [00001070] new env 00001071
CPU 1: 571 [00001071] new env 00001072
CPU 0: 577 [00001072] new env 00001073
CPU 0: 587 [00001073] new env 00001074
CPU 1: 593 [00001074] new env 00001075
CPU 1: 599 [00001075] new env 00001076
CPU 0: 601 [00001076] new env 00001077
CPU 1: 607 [00001077] new env 00001078
CPU 0: 613 [00001078] new env 00001079
CPU 0: 617 [00001079] new env 0000107a
CPU 0: 619 [0000107a] new env 0000107b
CPU 1: 631 [0000107b] new env 0000107c
CPU 0: 641 [0000107c] new env 0000107d
CPU 1: 643 [0000107d] new env 0000107e
CPU 1: 647 [0000107e] new env 0000107f
CPU 0: 653 [0000107f] new env 00001080
CPU 1: 659 [00001080] new env 00001081
CPU 1: 661 [00001081] new env 00001082
CPU 1: 673 [00001082] new env 00001083
CPU 0: 677 [00001083] new env 00001084
CPU 1: 683 [00001084] new env 00001085
CPU 1: 691 [00001085] new env 00001086
CPU 0: 701 [00001086] new env 00001087
CPU 1: 709 [00001087] new env 00001088
CPU 0: 719 [00001088] new env 00001089
CPU 0: 727 [00001089] new env 0000108a
CPU 0: 733 [0000108a] new env 0000108b
CPU 0: 739 [0000108b] new env 0000108c
CPU 1: 743 [0000108c] new env 0000108d
CPU 0: 751 [0000108d] new env 0000108e
CPU 1: 757 [0000108e] new env 0000108f
CPU 0: 761 [0000108f] new env 00001090
CPU 0: 769 [00001090] new env 00001091
CPU 1: 773 [00001091] new env 00001092
CPU 0: 787 [00001092] new env 00001093
CPU 1: 797 [00001093] new env 00001094
CPU 0: 809 [00001094] new env 00001095
CPU 1: 811 [00001095] new env 00001096
CPU 1: 821 [00001096] new env 00001097
CPU 0: 823 [00001097] new env 00001098
CPU 0: 827 [00001098] new env 00001099
CPU 1: 829 [00001099] new env 0000109a
CPU 0: 839 [0000109a] new env 0000109b
CPU 1: 853 [0000109b] new env 0000109c
CPU 0: 857 [0000109c] new env 0000109d
CPU 1: 859 [0000109d] new env 0000109e
CPU 0: 863 [0000109e] new env 0000109f
CPU 0: 877 [0000109f] new env 000010a0
CPU 1: 881 [000010a0] new env 000010a1
CPU 0: 883 [000010a1] new env 000010a2
CPU 1: 887 [000010a2] new env 000010a3
CPU 1: 907 [000010a3] new env 000010a4
CPU 0: 911 [000010a4] new env 000010a5
CPU 0: 919 [000010a5] new env 000010a6
CPU 1: 929 [000010a6] new env 000010a7
CPU 0: 937 [000010a7] new env 000010a8
CPU 0: 941 [000010a8] new env 000010a9
CPU 0: 947 [000010a9] new env 000010aa
CPU 1: 953 [000010aa] new env 000010ab
CPU 1: 967 [000010ab] new env 000010ac
CPU 0: 971 [000010ac] new env 000010ad
CPU 1: 977 [000010ad] new env 000010ae
CPU 0: 983 [000010ae] new env 000010af
CPU 0: 991 [000010af] new env 000010b0
CPU 0: 997 [000010b0] new env 000010b1
CPU 0: 1009 [000010b1] new env 000010b2
CPU 0: 1013 [000010b2] new env 000010b3
CPU 1: 1019 [000010b3] new env 000010b4
CPU 0: 1021 [000010b4] new env 000010b5
CPU 0: 1031 [000010b5] new env 000010b6
CPU 1: 1033 [000010b6] new env 000010b7
CPU 0: 1039 [000010b7] new env 000010b8
CPU 0: 1049 [000010b8] new env 000010b9
CPU 1: 1051 [000010b9] new env 000010ba
CPU 0: 1061 [000010ba] new env 000010bb
CPU 1: 1063 [000010bb] new env 000010bc
CPU 1: 1069 [000010bc] new env 000010bd
CPU 1: 1087 [000010bd] new env 000010be
CPU 1: 1091 [000010be] new env 000010bf
CPU 0: 1093 [000010bf] new env 000010c0
CPU 0: 1097 [000010c0] new env 000010c1
CPU 0: 1103 [000010c1] new env 000010c2
CPU 0: 1109 [000010c2] new env 000010c3
CPU 1: 1117 [000010c3] new env 000010c4
CPU 1: 1123 [000010c4] new env 000010c5
CPU 0: 1129 [000010c5] new env 000010c6
CPU 0: 1151 [000010c6] new env 000010c7
CPU 0: 1153 [000010c7] new env 000010c8
CPU 1: 1163 [000010c8] new env 000010c9
CPU 0: 1171 [000010c9] new env 000010ca
CPU 1: 1181 [000010ca] new env 000010cb
CPU 0: 1187 [000010cb] new env 000010cc
CPU 1: 1193 [000010cc] new env 000010cd
CPU 1: 1201 [000010cd] new env 000010ce
CPU 0: 1213 [000010ce] new env 000010cf
CPU 0: 1217 [000010cf] new env 000010d0
CPU 1: 1223 [000010d0] new env 000010d1
CPU 1: 1229 [000010d1] new env 000010d2
CPU 1: 1231 [000010d2] new env 000010d3
CPU 0: 1237 [000010d3] new env 000010d4
CPU 1: 1249 [000010d4] new env 000010d5
CPU 0: 1259 [000010d5] new env 000010d6
CPU 0: 1277 [000010d6] new env 000010d7
CPU 0: 1279 [000010d7] new env 000010d8
CPU 1: 1283 [000010d8] new env 000010d9
CPU 1: 1289 [000010d9] new env 000010da
CPU 0: 1291 [000010da] new env 000010db
CPU 0: 1297 [000010db] new env 000010dc
CPU 1: 1301 [000010dc] new env 000010dd
CPU 1: 1303 [000010dd] new env 000010de
CPU 1: 1307 [000010de] new env 000010df
CPU 1: 1319 [000010df] new env 000010e0
CPU 1: 1321 [000010e0] new env 000010e1
CPU 0: 1327 [000010e1] new env 000010e2
CPU 1: 1361 [000010e2] new env 000010e3
CPU 0: 1367 [000010e3] new env 000010e4
CPU 1: 1373 [000010e4] new env 000010e5
CPU 0: 1381 [000010e5] new env 000010e6
CPU 0: 1399 [000010e6] new env 000010e7
CPU 0: 1409 [000010e7] new env 000010e8
CPU 1: 1423 [000010e8] new env 000010e9
CPU 0: 1427 [000010e9] new env 000010ea
CPU 1: 1429 [000010ea] new env 000010eb
CPU 0: 1433 [000010eb] new env 000010ec
CPU 1: 1439 [000010ec] new env 000010ed
CPU 1: 1447 [000010ed] new env 000010ee
CPU 0: 1451 [000010ee] new env 000010ef
CPU 0: 1453 [000010ef] new env 000010f0
CPU 1: 1459 [000010f0] new env 000010f1
CPU 0: 1471 [000010f1] new env 000010f2
CPU 0: 1481 [000010f2] new env 000010f3
CPU 1: 1483 [000010f3] new env 000010f4
CPU 0: 1487 [000010f4] new env 000010f5
CPU 1: 1489 [000010f5] new env 000010f6
CPU 0: 1493 [000010f6] new env 000010f7
CPU 0: 1499 [000010f7] new env 000010f8
CPU 1: 1511 [000010f8] new env 000010f9
CPU 0: 1523 [000010f9] new env 000010fa
CPU 1: 1531 [000010fa] new env 000010fb
CPU 0: 1543 [000010fb] new env 000010fc
CPU 1: 1549 [000010fc] new env 000010fd
CPU 0: 1553 [000010fd] new env 000010fe
CPU 1: 1559 [000010fe] new env 000010ff
CPU 0: 1567 [000010ff] new env 00001100
CPU 1: 1571 [00001100] new env 00001101
CPU 0: 1579 [00001101] new env 00001102
CPU 1: 1583 [00001102] new env 00001103
CPU 0: 1597 [00001103] new env 00001104
CPU 0: 1601 [00001104] new env 00001105
CPU 0: 1607 [00001105] new env 00001106
CPU 1: 1609 [00001106] new env 00001107
CPU 0: 1613 [00001107] new env 00001108
CPU 0: 1619 [00001108] new env 00001109
CPU 1: 1621 [00001109] new env 0000110a
CPU 0: 1627 [0000110a] new env 0000110b
CPU 1: 1637 [0000110b] new env 0000110c
CPU 0: 1657 [0000110c] new env 0000110d
CPU 1: 1663 [0000110d] new env 0000110e
CPU 1: 1667 [0000110e] new env 0000110f
CPU 0: 1669 [0000110f] new env 00001110
CPU 1: 1693 [00001110] new env 00001111
CPU 0: 1697 [00001111] new env 00001112
CPU 1: 1699 [00001112] new env 00001113
CPU 0: 1709 [00001113] new env 00001114
CPU 0: 1721 [00001114] new env 00001115
CPU 1: 1723 [00001115] new env 00001116
CPU 1: 1733 [00001116] new env 00001117
CPU 0: 1741 [00001117] new env 00001118
CPU 0: 1747 [00001118] new env 00001119
CPU 0: 1753 [00001119] new env 0000111a
CPU 1: 1759 [0000111a] new env 0000111b
CPU 0: 1777 [0000111b] new env 0000111c
CPU 1: 1783 [0000111c] new env 0000111d
CPU 0: 1787 [0000111d] new env 0000111e
CPU 1: 1789 [0000111e] new env 0000111f
CPU 0: 1801 [0000111f] new env 00001120
CPU 1: 1811 [00001120] new env 00001121
CPU 1: 1823 [00001121] new env 00001122
CPU 1: 1831 [00001122] new env 00001123
CPU 1: 1847 [00001123] new env 00001124
CPU 1: 1861 [00001124] new env 00001125
CPU 1: 1867 [00001125] new env 00001126
CPU 0: 1871 [00001126] new env 00001127
CPU 0: 1873 [00001127] new env 00001128
CPU 1: 1877 [00001128] new env 00001129
CPU 1: 1879 [00001129] new env 0000112a
CPU 1: 1889 [0000112a] new env 0000112b
CPU 0: 1901 [0000112b] new env 0000112c
CPU 1: 1907 [0000112c] new env 0000112d
CPU 0: 1913 [0000112d] new env 0000112e
CPU 1: 1931 [0000112e] new env 0000112f
CPU 0: 1933 [0000112f] new env 00001130
CPU 0: 1949 [00001130] new env 00001131
CPU 1: 1951 [00001131] new env 00001132
CPU 0: 1973 [00001132] new env 00001133
CPU 1: 1979 [00001133] new env 00001134
CPU 1: 1987 [00001134] new env 00001135
CPU 0: 1993 [00001135] new env 00001136
CPU 1: 1997 [00001136] new env 00001137
CPU 0: 1999 [00001137] new env 00001138
CPU 0: 2003 [00001138] new env 00001139
CPU 0: 2011 [00001139] new env 0000113a
CPU 0: 2017 [0000113a] new env 0000113b
CPU 0: 2027 [0000113b] new env 0000113c
CPU 1: 2029 [0000113c] new env 0000113d
CPU 1: 2039 [0000113d] new env 0000113e
CPU 0: 2053 [0000113e] new env 0000113f
CPU 0: 2063 [0000113f] new env 00001140
CPU 0: 2069 [00001140] new env 00001141
CPU 1: 2081 [00001141] new env 00001142
CPU 0: 2083 [00001142] new env 00001143
CPU 1: 2087 [00001143] new env 00001144
CPU 0: 2089 [00001144] new env 00001145
CPU 1: 2099 [00001145] new env 00001146
CPU 1: 2111 [00001146] new env 00001147
CPU 1: 2113 [00001147] new env 00001148
CPU 0: 2129 [00001148] new env 00001149
CPU 0: 2131 [00001149] new env 0000114a
CPU 1: 2137 [0000114a] new env 0000114b
CPU 1: 2141 [0000114b] new env 0000114c
CPU 0: 2143 [0000114c] new env 0000114d
CPU 0: 2153 [0000114d] new env 0000114e
CPU 0: 2161 [0000114e] new env 0000114f
CPU 1: 2179 [0000114f] new env 00001150
CPU 0: 2203 [00001150] new env 00001151
CPU 1: 2207 [00001151] new env 00001152
CPU 1: 2213 [00001152] new env 00001153
CPU 0: 2221 [00001153] new env 00001154
CPU 0: 2237 [00001154] new env 00001155
CPU 0: 2239 [00001155] new env 00001156
CPU 1: 2243 [00001156] new env 00001157
CPU 1: 2251 [00001157] new env 00001158
CPU 1: 2267 [00001158] new env 00001159
CPU 0: 2269 [00001159] new env 0000115a
CPU 0: 2273 [0000115a] new env 0000115b
CPU 0: 2281 [0000115b] new env 0000115c
CPU 1: 2287 [0000115c] new env 0000115d
CPU 0: 2293 [0000115d] new env 0000115e
CPU 1: 2297 [0000115e] new env 0000115f
CPU 0: 2309 [0000115f] new env 00001160
CPU 1: 2311 [00001160] new env 00001161
CPU 0: 2333 [00001161] new env 00001162
CPU 0: 2339 [00001162] new env 00001163
CPU 0: 2341 [00001163] new env 00001164
CPU 0: 2347 [00001164] new env 00001165
CPU 0: 2351 [00001165] new env 00001166
CPU 1: 2357 [00001166] new env 00001167
CPU 1: 2371 [00001167] new env 00001168
CPU 0: 2377 [00001168] new env 00001169
CPU 0: 2381 [00001169] new env 0000116a
CPU 0: 2383 [0000116a] new env 0000116b
CPU 1: 2389 [0000116b] new env 0000116c
CPU 1: 2393 [0000116c] new env 0000116d
CPU 0: 2399 [0000116d] new env 0000116e
CPU 0: 2411 [0000116e] new env 0000116f
CPU 0: 2417 [0000116f] new env 00001170
CPU 1: 2423 [00001170] new env 00001171
CPU 1: 2437 [00001171] new env 00001172
CPU 0: 2441 [00001172] new env 00001173
CPU 1: 2447 [00001173] new env 00001174
CPU 1: 2459 [00001174] new env 00001175
CPU 1: 2467 [00001175] new env 00001176
CPU 0: 2473 [00001176] new env 00001177
CPU 1: 2477 [00001177] new env 00001178
CPU 0: 2503 [00001178] new env 00001179
CPU 0: 2521 [00001179] new env 0000117a
CPU 0: 2531 [0000117a] new env 0000117b
CPU 0: 2539 [0000117b] new env 0000117c
CPU 0: 2543 [0000117c] new env 0000117d
CPU 1: 2549 [0000117d] new env 0000117e
CPU 1: 2551 [0000117e] new env 0000117f
CPU 0: 2557 [0000117f] new env 00001180
CPU 1: 2579 [00001180] new env 00001181
CPU 0: 2591 [00001181] new env 00001182
CPU 1: 2593 [00001182] new env 00001183
CPU 0: 2609 [00001183] new env 00001184
CPU 1: 2617 [00001184] new env 00001185
CPU 0: 2621 [00001185] new env 00001186
CPU 0: 2633 [00001186] new env 00001187
CPU 0: 2647 [00001187] new env 00001188
CPU 1: 2657 [00001188] new env 00001189
CPU 1: 2659 [00001189] new env 0000118a
