+ cc[USER] net/testoutput.c
+ cc[USER] net/timer.c
+ cc[USER] net/input.c
+ cc[USER] net/output.c
+ ld obj/net/testoutput
+ cc[USER] net/testinput.c
+ ld obj/net/testinput
+ cc[USER] net/serv.c
+ ld obj/net/ns
+ ld obj/kern/kernel
+ mk obj/kern/kernel.img
+ cp obj/fs/clean-fs.img obj/fs/fs.img
QEMU 1.5.2 monitor - type 'help' for more information
(qemu) 
6828 decimal is XXX octal!
Physical memory: 66556K available, base = 640K, extended = 65532K
check_kern_pgdir() succeeded!
check_page_installed_pgdir() succeeded!
SMP: CPU 0 found 1 CPU(s)
enabled interrupts: 1 2
PCI: 00:00.0: 8086:1237: class: 6.0 (Bridge device) irq: 0
PCI: 00:01.0: 8086:7000: class: 6.1 (Bridge device) irq: 0
PCI: 00:01.1: 8086:7010: class: 1.1 (Storage controller) irq: 0
PCI: 00:01.3: 8086:7113: class: 6.80 (Bridge device) irq: 9
PCI: 00:02.0: 1013:00b8: class: 3.0 (Display controller) irq: 0
PCI: 00:03.0: 8086:100e: class: 2.0 (Network controller) irq: 11
PCI function 00:03.0 (8086:100e) enabled
[00000000] new env 00001000
[00000000] new env 00001001
[00000000] new env 00001002
[00000000] new env 00001003
[00000000] new env 00001004
[00000000] new env 00001005
[00000000] new env 00001006
[00000000] new env 00001007
[00000000] new env 00001008
[00000000] new env 00001009
env_run:00001000
env_run:00001000
env_run:00001008
env_run:00001008
FS is running
FS can do I/O
Device 1 presence: 1
env_run:00001009
env_run:00001009
[00001009] new env 0000100a
env_run:00001008
env_run:00001008
block cache is good
superblock is good
bitmap is good
env_run:00001009
env_run:00001009
Transmitting packet 0
env_run:0000100a
env_run:0000100a
[0000100a] exiting gracefully
[0000100a] free env 0000100a
env_run:00001000
env_run:00001000
env_run:00001009
env_run:00001009
[00001009] user panic in testoutput at lib/ipc.c:66: ipc try send error:bad environment
Welcome to the JOS kernel monitor!
Type 'help' for a list of commands.
TRAP frame at 0xf0342480 from CPU 0
  edi  0x0000000b
  esi  0xeebfdf94
  ebp  0xeebfdf80
  oesp 0xefbfffdc
  ebx  0x00802ba0
  edx  0x00000000
  ecx  0x00000001
  eax  0x00000001
  es   0x----0023
  ds   0x----0023
  trap 0x00000003 Breakpoint
  err  0x00000000
  eip  0x00800318
  cs   0x----001b
  flag 0x00000246
  esp  0xeebfdf58
  ss   0x----0023
qemu: terminating on signal 15 from pid 9852
